2022-04-06 10:25:48,488 INFO acc.br.cadastro.CadastroAcademico [main] Inicio cadastro academico.
2022-04-06 10:25:49,213 INFO acc.br.cadastro.CadastroAcademico [restartedMain] Inicio cadastro academico.
2022-04-06 10:25:50,556 INFO acc.br.cadastro.CadastroAcademico [restartedMain] Starting CadastroAcademico using Java 17.0.2 on CPX-R3Q0SB8SNR6 with PID 25000 (C:\Users\andre.p.cassiano\Java - Estudos da linguagem\JAVA-SPRING-BOOT---TURMA-1-\SEF - Participants Workspace\Sistema-Academico\projeto_academico\target\classes started by andre.p.cassiano in C:\Users\andre.p.cassiano\Java - Estudos da linguagem\JAVA-SPRING-BOOT---TURMA-1-\SEF - Participants Workspace\Sistema-Academico\projeto_academico)
2022-04-06 10:25:50,557 DEBUG acc.br.cadastro.CadastroAcademico [restartedMain] Running with Spring Boot v2.6.3, Spring v5.3.15
2022-04-06 10:25:50,558 INFO acc.br.cadastro.CadastroAcademico [restartedMain] No active profile set, falling back to default profiles: default
2022-04-06 10:25:51,789 INFO org.springframework.boot.devtools.env.DevToolsPropertyDefaultsPostProcessor [restartedMain] Devtools property defaults active! Set 'spring.devtools.add-properties' to 'false' to disable
2022-04-06 10:25:51,790 INFO org.springframework.boot.devtools.env.DevToolsPropertyDefaultsPostProcessor [restartedMain] For additional web related logging consider setting the 'logging.level.web' property to 'DEBUG'
2022-04-06 10:25:55,934 INFO org.springframework.data.repository.config.RepositoryConfigurationDelegate [restartedMain] Bootstrapping Spring Data JPA repositories in DEFAULT mode.
2022-04-06 10:25:56,275 INFO org.springframework.data.repository.config.RepositoryConfigurationDelegate [restartedMain] Finished Spring Data repository scanning in 303 ms. Found 6 JPA repository interfaces.
2022-04-06 10:26:02,426 INFO org.springframework.boot.web.embedded.tomcat.TomcatWebServer [restartedMain] Tomcat initialized with port(s): 8080 (http)
2022-04-06 10:26:02,479 INFO org.apache.coyote.http11.Http11NioProtocol [restartedMain] Initializing ProtocolHandler ["http-nio-8080"]
2022-04-06 10:26:02,481 INFO org.apache.catalina.core.StandardService [restartedMain] Starting service [Tomcat]
2022-04-06 10:26:02,481 INFO org.apache.catalina.core.StandardEngine [restartedMain] Starting Servlet engine: [Apache Tomcat/9.0.56]
2022-04-06 10:26:03,373 INFO org.apache.catalina.core.ContainerBase.[Tomcat].[localhost].[/] [restartedMain] Initializing Spring embedded WebApplicationContext
2022-04-06 10:26:03,374 INFO org.springframework.boot.web.servlet.context.ServletWebServerApplicationContext [restartedMain] Root WebApplicationContext: initialization completed in 11583 ms
2022-04-06 10:26:05,597 INFO com.zaxxer.hikari.HikariDataSource [restartedMain] HikariPool-1 - Starting...
2022-04-06 10:26:06,287 INFO com.zaxxer.hikari.HikariDataSource [restartedMain] HikariPool-1 - Start completed.
2022-04-06 10:26:06,534 INFO org.hibernate.jpa.internal.util.LogHelper [restartedMain] HHH000204: Processing PersistenceUnitInfo [name: default]
2022-04-06 10:26:06,855 INFO org.hibernate.Version [restartedMain] HHH000412: Hibernate ORM core version 5.6.4.Final
2022-04-06 10:26:08,152 INFO org.hibernate.annotations.common.Version [restartedMain] HCANN000001: Hibernate Commons Annotations {5.1.2.Final}
2022-04-06 10:26:08,771 INFO org.hibernate.dialect.Dialect [restartedMain] HHH000400: Using dialect: org.hibernate.dialect.MySQL8Dialect
2022-04-06 10:26:11,632 INFO org.hibernate.engine.transaction.jta.platform.internal.JtaPlatformInitiator [restartedMain] HHH000490: Using JtaPlatform implementation: [org.hibernate.engine.transaction.jta.platform.internal.NoJtaPlatform]
2022-04-06 10:26:11,658 INFO org.springframework.orm.jpa.LocalContainerEntityManagerFactoryBean [restartedMain] Initialized JPA EntityManagerFactory for persistence unit 'default'
2022-04-06 10:26:13,143 WARN org.springframework.boot.autoconfigure.orm.jpa.JpaBaseConfiguration$JpaWebConfiguration [restartedMain] spring.jpa.open-in-view is enabled by default. Therefore, database queries may be performed during view rendering. Explicitly configure spring.jpa.open-in-view to disable this warning
2022-04-06 10:26:14,862 INFO org.springframework.boot.devtools.autoconfigure.OptionalLiveReloadServer [restartedMain] LiveReload server is running on port 35729
2022-04-06 10:26:14,885 INFO org.apache.coyote.http11.Http11NioProtocol [restartedMain] Starting ProtocolHandler ["http-nio-8080"]
2022-04-06 10:26:15,025 INFO org.springframework.boot.web.embedded.tomcat.TomcatWebServer [restartedMain] Tomcat started on port(s): 8080 (http) with context path ''
2022-04-06 10:26:15,115 INFO acc.br.cadastro.CadastroAcademico [restartedMain] Started CadastroAcademico in 25.88 seconds (JVM running for 37.261)
2022-04-06 10:26:15,122 INFO acc.br.cadastro.CadastroAcademico [restartedMain] Cadastro academico iniciada e pronta para uso.
2022-04-06 10:26:32,921 INFO org.apache.catalina.core.ContainerBase.[Tomcat].[localhost].[/] [http-nio-8080-exec-1] Initializing Spring DispatcherServlet 'dispatcherServlet'
2022-04-06 10:26:32,922 INFO org.springframework.web.servlet.DispatcherServlet [http-nio-8080-exec-1] Initializing Servlet 'dispatcherServlet'
2022-04-06 10:26:32,925 INFO org.springframework.web.servlet.DispatcherServlet [http-nio-8080-exec-1] Completed initialization in 3 ms
2022-04-06 10:26:33,988 WARN org.hibernate.engine.jdbc.spi.SqlExceptionHelper [http-nio-8080-exec-2] SQL Error: 1452, SQLState: 23000
2022-04-06 10:26:33,988 ERROR org.hibernate.engine.jdbc.spi.SqlExceptionHelper [http-nio-8080-exec-2] Cannot add or update a child row: a foreign key constraint fails (`cadastro`.`pessoa`, CONSTRAINT `id_turma` FOREIGN KEY (`Turma_idTurma`) REFERENCES `turma` (`idTurma`))
2022-04-06 10:26:33,990 INFO org.hibernate.engine.jdbc.batch.internal.AbstractBatchImpl [http-nio-8080-exec-2] HHH000010: On release of batch it still contained JDBC statements
2022-04-06 10:26:35,288 WARN org.hibernate.engine.jdbc.spi.SqlExceptionHelper [http-nio-8080-exec-4] SQL Error: 1452, SQLState: 23000
2022-04-06 10:26:35,289 ERROR org.hibernate.engine.jdbc.spi.SqlExceptionHelper [http-nio-8080-exec-4] Cannot add or update a child row: a foreign key constraint fails (`cadastro`.`pessoa`, CONSTRAINT `id_turma` FOREIGN KEY (`Turma_idTurma`) REFERENCES `turma` (`idTurma`))
2022-04-06 10:26:35,289 INFO org.hibernate.engine.jdbc.batch.internal.AbstractBatchImpl [http-nio-8080-exec-4] HHH000010: On release of batch it still contained JDBC statements
2022-04-06 10:26:52,961 WARN org.hibernate.engine.jdbc.spi.SqlExceptionHelper [http-nio-8080-exec-6] SQL Error: 1452, SQLState: 23000
2022-04-06 10:26:52,962 ERROR org.hibernate.engine.jdbc.spi.SqlExceptionHelper [http-nio-8080-exec-6] Cannot add or update a child row: a foreign key constraint fails (`cadastro`.`pessoa`, CONSTRAINT `id_turma` FOREIGN KEY (`Turma_idTurma`) REFERENCES `turma` (`idTurma`))
2022-04-06 10:26:52,963 INFO org.hibernate.engine.jdbc.batch.internal.AbstractBatchImpl [http-nio-8080-exec-6] HHH000010: On release of batch it still contained JDBC statements
2022-04-06 10:26:55,991 WARN org.hibernate.engine.jdbc.spi.SqlExceptionHelper [http-nio-8080-exec-8] SQL Error: 1452, SQLState: 23000
2022-04-06 10:26:55,992 ERROR org.hibernate.engine.jdbc.spi.SqlExceptionHelper [http-nio-8080-exec-8] Cannot add or update a child row: a foreign key constraint fails (`cadastro`.`pessoa`, CONSTRAINT `id_turma` FOREIGN KEY (`Turma_idTurma`) REFERENCES `turma` (`idTurma`))
2022-04-06 10:26:55,992 INFO org.hibernate.engine.jdbc.batch.internal.AbstractBatchImpl [http-nio-8080-exec-8] HHH000010: On release of batch it still contained JDBC statements
2022-04-06 10:27:28,611 WARN org.hibernate.engine.jdbc.spi.SqlExceptionHelper [http-nio-8080-exec-1] SQL Error: 1452, SQLState: 23000
2022-04-06 10:27:28,611 ERROR org.hibernate.engine.jdbc.spi.SqlExceptionHelper [http-nio-8080-exec-1] Cannot add or update a child row: a foreign key constraint fails (`cadastro`.`pessoa`, CONSTRAINT `id_turma` FOREIGN KEY (`Turma_idTurma`) REFERENCES `turma` (`idTurma`))
2022-04-06 10:27:28,612 INFO org.hibernate.engine.jdbc.batch.internal.AbstractBatchImpl [http-nio-8080-exec-1] HHH000010: On release of batch it still contained JDBC statements
2022-04-06 10:27:31,255 WARN org.hibernate.engine.jdbc.spi.SqlExceptionHelper [http-nio-8080-exec-3] SQL Error: 1452, SQLState: 23000
2022-04-06 10:27:31,255 ERROR org.hibernate.engine.jdbc.spi.SqlExceptionHelper [http-nio-8080-exec-3] Cannot add or update a child row: a foreign key constraint fails (`cadastro`.`pessoa`, CONSTRAINT `id_turma` FOREIGN KEY (`Turma_idTurma`) REFERENCES `turma` (`idTurma`))
2022-04-06 10:27:31,255 INFO org.hibernate.engine.jdbc.batch.internal.AbstractBatchImpl [http-nio-8080-exec-3] HHH000010: On release of batch it still contained JDBC statements
